Detecting compiler hash for triplet x64-windows...
Detecting compiler hash for triplet x64-windows-static...
The following packages will be built and installed:
    lz4[core]:x64-windows-static -> 1.9.3#4
    snappy[core]:x64-windows-static -> 1.1.9#3
  * vcpkg-cmake[core]:x64-windows -> 2022-08-18
  * vcpkg-cmake-config[core]:x64-windows -> 2022-02-06#1
    zstd[core]:x64-windows-static -> 1.5.2#1
Additional packages (*) will be modified to complete this operation.
Restored 5 package(s) from C:\Users\alone\AppData\Local\vcpkg\archives in 160.6 ms. Use --debug to see more details.
Installing 1/5 vcpkg-cmake-config:x64-windows...
Elapsed time to handle vcpkg-cmake-config:x64-windows: 21.97 ms
Installing 2/5 vcpkg-cmake:x64-windows...
Elapsed time to handle vcpkg-cmake:x64-windows: 98.03 ms
Installing 3/5 lz4:x64-windows-static...
Elapsed time to handle lz4:x64-windows-static: 49.83 ms
Installing 4/5 snappy:x64-windows-static...
Elapsed time to handle snappy:x64-windows-static: 70.65 ms
Installing 5/5 zstd:x64-windows-static...
Elapsed time to handle zstd:x64-windows-static: 68.97 ms

Total elapsed time: 5.063 s
lz4 provides CMake targets:

    # this is heuristically generated, and may not be correct
    find_package(lz4 CONFIG REQUIRED)
    target_link_libraries(main PRIVATE lz4::lz4)

snappy provides CMake targets:

    # this is heuristically generated, and may not be correct
    find_package(Snappy CONFIG REQUIRED)
    target_link_libraries(main PRIVATE Snappy::snappy)

The package zstd provides CMake targets:

    find_package(zstd CONFIG REQUIRED)
    target_link_libraries(main PRIVATE $<IF:$<TARGET_EXISTS:zstd::libzstd_shared>,zstd::libzstd_shared,zstd::libzstd_static>)

